<?xml version="1.0" encoding="UTF-8"?>
<!-- Generated by org.testng.reporters.JUnitReportReporter -->
<testsuite skipped="5" hostname="amw-g1" name="SalesForce.SalesforceAuto" tests="16" failures="0" timestamp="21 Feb 2018 13:25:59 GMT" time="253.841" errors="1">
  <testcase name="login" time="16.690" classname="SalesForce.SalesforceAuto"/>
  <testcase name="login" time="40.241" classname="SalesForce.SalesforceAuto"/>
  <testcase name="login" time="0.000" classname="SalesForce.SalesforceAuto">
    <skipped/>
  </testcase> <!-- login -->
  <testcase name="setup" time="0.015" classname="SalesForce.SalesforceAuto">
    <error type="java.lang.IllegalStateException" message="The path to the driver executable must be set by the webdriver.edge.driver system property; for more information, see https://github.com/SeleniumHQ/selenium/wiki/MicrosoftWebDriver. The latest version can be downloaded from http://go.microsoft.com/fwlink/?LinkId=619687">
      <![CDATA[java.lang.IllegalStateException: The path to the driver executable must be set by the webdriver.edge.driver system property; for more information, see https://github.com/SeleniumHQ/selenium/wiki/MicrosoftWebDriver. The latest version can be downloaded from http://go.microsoft.com/fwlink/?LinkId=619687at com.google.common.base.Preconditions.checkState(Preconditions.java:738)at org.openqa.selenium.remote.service.DriverService.findExecutable(DriverService.java:124)at org.openqa.selenium.edge.EdgeDriverService.access$000(EdgeDriverService.java:33)at org.openqa.selenium.edge.EdgeDriverService$Builder.findDefaultExecutable(EdgeDriverService.java:63)at org.openqa.selenium.remote.service.DriverService$Builder.build(DriverService.java:330)at org.openqa.selenium.edge.EdgeDriverService.createDefaultService(EdgeDriverService.java:55)at org.openqa.selenium.edge.EdgeDriver.<init>(EdgeDriver.java:96)at SalesForce.SalesforceAuto.setup(SalesforceAuto.java:59)at sun.reflect.NativeMethodAccessorImpl.invoke0(Native Method)at sun.reflect.NativeMethodAccessorImpl.invoke(Unknown Source)at sun.reflect.DelegatingMethodAccessorImpl.invoke(Unknown Source)at java.lang.reflect.Method.invoke(Unknown Source)at org.testng.internal.MethodInvocationHelper.invokeMethod(MethodInvocationHelper.java:124)at org.testng.internal.MethodInvocationHelper.invokeMethodConsideringTimeout(MethodInvocationHelper.java:59)at org.testng.internal.Invoker.invokeConfigurationMethod(Invoker.java:451)at org.testng.internal.Invoker.invokeConfigurations(Invoker.java:222)at org.testng.internal.Invoker.invokeConfigurations(Invoker.java:142)at org.testng.TestRunner.beforeRun(TestRunner.java:529)at org.testng.TestRunner.run(TestRunner.java:497)at org.testng.SuiteRunner.runTest(SuiteRunner.java:455)at org.testng.SuiteRunner.runSequentially(SuiteRunner.java:450)at org.testng.SuiteRunner.privateRun(SuiteRunner.java:415)at org.testng.SuiteRunner.run(SuiteRunner.java:364)at org.testng.SuiteRunnerWorker.runSuite(SuiteRunnerWorker.java:52)at org.testng.SuiteRunnerWorker.run(SuiteRunnerWorker.java:84)at org.testng.TestNG.runSuitesSequentially(TestNG.java:1187)at org.testng.TestNG.runSuitesLocally(TestNG.java:1116)at org.testng.TestNG.runSuites(TestNG.java:1028)at org.testng.TestNG.run(TestNG.java:996)at org.testng.remote.AbstractRemoteTestNG.run(AbstractRemoteTestNG.java:114)at org.testng.remote.RemoteTestNG.initAndRun(RemoteTestNG.java:251)at org.testng.remote.RemoteTestNG.main(RemoteTestNG.java:77)]]>
    </error>
  </testcase> <!-- setup -->
  <testcase name="test_clcik" time="22.276" classname="SalesForce.SalesforceAuto"/>
  <testcase name="test_clcik" time="0.000" classname="SalesForce.SalesforceAuto">
    <skipped/>
  </testcase> <!-- test_clcik -->
  <testcase name="test_clcik" time="22.283" classname="SalesForce.SalesforceAuto"/>
  <testcase name="create_new" time="0.000" classname="SalesForce.SalesforceAuto">
    <skipped/>
  </testcase> <!-- create_new -->
  <testcase name="create_new" time="23.407" classname="SalesForce.SalesforceAuto"/>
  <testcase name="create_new" time="24.849" classname="SalesForce.SalesforceAuto"/>
  <testcase name="chek_new" time="19.169" classname="SalesForce.SalesforceAuto"/>
  <testcase name="chek_new" time="19.338" classname="SalesForce.SalesforceAuto"/>
  <testcase name="chek_new" time="0.000" classname="SalesForce.SalesforceAuto">
    <skipped/>
  </testcase> <!-- chek_new -->
  <testcase name="send_emal" time="21.567" classname="SalesForce.SalesforceAuto"/>
  <testcase name="send_emal" time="0.000" classname="SalesForce.SalesforceAuto">
    <skipped/>
  </testcase> <!-- send_emal -->
  <testcase name="send_emal" time="44.006" classname="SalesForce.SalesforceAuto"/>
</testsuite> <!-- SalesForce.SalesforceAuto -->
